Unity Editor version:    6000.4.0f1 (8cf496087c8f)
Branch:                  6000.4/staging
Build type:              Release
Batch mode:              YES
macOS version:           Version 26.3.1 (Build 25D2128)
Darwin version:          25.3.0
Architecture:            arm64
Running under Rosetta:   NO
Available memory:        36864 MB
Date:                    2026-03-20T09:18:22Z
[Licensing::Module] Trying to connect to existing licensing client channel...
[Licensing::IpcConnector] Successfully connected to: "LicenseClient-bvs.medya-konak" at "2026-03-20T09:18:22.729877Z"

COMMAND LINE ARGUMENTS:
/Applications/Unity/Hub/Editor/6000.4.0f1/Unity.app/Contents/MacOS/Unity
-adb2
-batchMode
-noUpm
-name
AssetImportWorker2
-projectPath
/Users/bvs.medya-konak/GitHub/14 - GAME/SpaceShooter-Unity
-logFile
Logs/AssetImportWorker2.log
-srvPort
63581
-force-metal
-job-worker-count
6
-background-job-worker-count
8
-gc-helper-count
1
-name AssetImport
Successfully changed project path to: /Users/bvs.medya-konak/GitHub/14 - GAME/SpaceShooter-Unity
/Users/bvs.medya-konak/GitHub/14 - GAME/SpaceShooter-Unity
[UnityMemory] Configuration Parameters - Can be set up in boot.config
    "memorysetup-temp-allocator-size-gi-baking-worker=262144"
    "memorysetup-temp-allocator-size-gi-baking-worker=262144"
    "memorysetup-temp-allocator-size-gi-baking-worker=262144"
    "memorysetup-temp-allocator-size-gi-baking-worker=262144"
    "memorysetup-temp-allocator-size-gi-baking-worker=262144"
    "memorysetup-temp-allocator-size-nav-mesh-worker=65536"
    "memorysetup-temp-allocator-size-audio-worker=65536"
    "memorysetup-temp-allocator-size-cloud-worker=32768"
    "memorysetup-allocator-temp-initial-block-size-main=262144"
    "memorysetup-allocator-temp-initial-block-size-worker=262144"
    "memorysetup-temp-allocator-size-background-worker=32768"
    "memorysetup-temp-allocator-size-job-worker=262144"
    "memorysetup-temp-allocator-size-preload-manager=33554432"
    "memorysetup-temp-allocator-size-gfx=262144"
    "memorysetup-bucket-allocator-granularity=16"
    "memorysetup-bucket-allocator-bucket-count=8"
    "memorysetup-bucket-allocator-block-size=33554432"
    "memorysetup-bucket-allocator-block-count=8"
    "memorysetup-main-allocator-block-size=16777216"
    "memorysetup-thread-allocator-block-size=16777216"
    "memorysetup-gfx-main-allocator-block-size=16777216"
    "memorysetup-gfx-thread-allocator-block-size=16777216"
    "memorysetup-cache-allocator-block-size=4194304"
    "memorysetup-typetree-allocator-block-size=2097152"
    "memorysetup-profiler-bucket-allocator-granularity=16"
    "memorysetup-profiler-bucket-allocator-bucket-count=8"
    "memorysetup-profiler-bucket-allocator-block-size=33554432"
    "memorysetup-profiler-bucket-allocator-block-count=8"
    "memorysetup-profiler-allocator-block-size=16777216"
    "memorysetup-profiler-editor-allocator-block-size=1048576"
    "memorysetup-temp-allocator-size-main=16777216"
    "memorysetup-job-temp-allocator-block-size=2097152"
    "memorysetup-job-temp-allocator-block-size-background=1048576"
    "memorysetup-job-temp-allocator-reduction-small-platforms=262144"
Player connection [8299442432]  Target information:

Player connection [8299442432]  * "[IP] 169.254.142.119 [Port] 0 [Flags] 2 [Guid] 1632276309 [EditorId] 1632276309 [Version] 1048832 [Id] OSXEditor(0,bvsmedya-Konak-Mac-Studio.local) [Debug] 1 [PackageName] OSXEditor [ProjectName] Editor" 

Player connection [8299442432]  * "[IP] 192.168.1.68 [Port] 0 [Flags] 2 [Guid] 1632276309 [EditorId] 1632276309 [Version] 1048832 [Id] OSXEditor(0,bvsmedya-Konak-Mac-Studio.local) [Debug] 1 [PackageName] OSXEditor [ProjectName] Editor" 

Player connection [8299442432]  * "[IP] 10.48.1.120 [Port] 0 [Flags] 2 [Guid] 1632276309 [EditorId] 1632276309 [Version] 1048832 [Id] OSXEditor(0,bvsmedya-Konak-Mac-Studio.local) [Debug] 1 [PackageName] OSXEditor [ProjectName] Editor" 

Player connection [8299442432] Host joined multi-casting on [225.0.0.222:54997]...
Player connection [8299442432] Host joined alternative multi-casting on [225.0.0.222:34997]...
JobSystem: Creating JobQueue using job-worker-count value 6
Input System module state changed to: Initialized.
[Physics::Module] Initialized fallback backend.
[Physics::Module] Id: 0xdecafbad
Library Redirect Path: Library/
[Physics::Module] Selected backend.
[Physics::Module] Name: PhysX
[Physics::Module] Id: 0xf2b8ea05
[Physics::Module] SDK Version: 4.1.2
[Physics::Module] Integration Version: 1.0.0
[Physics::Module] Threading Mode: Multi-Threaded
Initialize engine version: 6000.4.0f1 (8cf496087c8f)
[Subsystems] Discovering subsystems at path /Applications/Unity/Hub/Editor/6000.4.0f1/Unity.app/Contents/Resources/UnitySubsystems
[Subsystems] Discovering subsystems at path /Users/bvs.medya-konak/GitHub/14 - GAME/SpaceShooter-Unity/Assets
Forcing GfxDevice: Metal
GfxDevice: creating device client; kGfxThreadingModeNonThreaded
 preferred device: Apple M4 Max (high power)
Metal devices available: 1
0: Apple M4 Max (high power)
Using device Apple M4 Max (high power)
Initializing Metal device caps: Apple M4 Max
Mac GPU Family: 2
Apple GPU Family: 9
MSL Version: 3.0
Has Float MSAA: 1
Has Float Filtering: 1
ReadWrite Texture Tier: 2
Initialize mono
Mono path[0] = '/Applications/Unity/Hub/Editor/6000.4.0f1/Unity.app/Contents/Resources/Scripting/Managed'
Mono path[1] = '/Applications/Unity/Hub/Editor/6000.4.0f1/Unity.app/Contents/Resources/Scripting/MonoBleedingEdge/lib/mono/unityjit-macos'
Mono config path = '/Applications/Unity/Hub/Editor/6000.4.0f1/Unity.app/Contents/Resources/Scripting/MonoBleedingEdge/etc'
Using monoOptions --debugger-agent=transport=dt_socket,embedding=1,server=y,suspend=n,address=127.0.0.1:56840
CodeReloadManager initialized
Begin MonoManager ReloadAssembly
Registering precompiled unity dll's ...
Register platform support module: /Applications/Unity/Hub/Editor/6000.4.0f1/PlaybackEngines/WebGLSupport/UnityEditor.WebGL.Extensions.dll
Register platform support module: /Applications/Unity/Hub/Editor/6000.4.0f1/Unity.app/Contents/PlaybackEngines/MacStandaloneSupport/UnityEditor.OSXStandalone.Extensions.dll
Registered in 0.000398 seconds.
[Licensing::Client] Error: HandshakeResponse reported an error:
	ResponseCode: 505
	ResponseStatus: Unsupported protocol version '1.18.1'.
[Licensing::Module] Error: Failed to handshake to channel: "LicenseClient-bvs.medya-konak"
[Licensing::IpcConnector] LicenseClient-bvs.medya-konak channel disconnected successfully.
[Licensing::IpcConnector] Successfully connected to: "LicenseClient-bvs.medya-konak-6000.4.0" at "2026-03-20T09:18:23.29841Z"
Native extension for OSXStandalone target not found
Native extension for WebGL target not found
Package Manager log level set to [2]
[Package Manager] Failed to launch server process. Reason: Unity was launched with the -noUpm command-line argument
[Package Manager] Unable to send message (not connected to server process).
[Package Manager] Cannot connect to Unity Package Manager local server
ScheduleIndexationOnStartup MainProcess:False IndexOnStartup:True
Mono: successfully reloaded assembly
- Finished resetting the current domain, in  0.207 seconds
Domain Reload Profiling: 412ms
	BeginReloadAssembly (43ms)
	RebuildCommonClasses (19ms)
	RebuildNativeTypeToScriptingClass (7ms)
	initialDomainReloadingComplete (28ms)
	LoadAllAssembliesAndSetupDomain (108ms)
		LoadAssemblies (43ms)
		AnalyzeDomain (103ms)
			TypeCache.Refresh (102ms)
				TypeCache.ScanAssembly (94ms)
	FinalizeReload (208ms)
		SetupLoadedEditorAssemblies (0ms)
			InitializePlatformSupportModulesInManaged (20ms)
			BeforeProcessingInitializeOnLoad (43ms)
			ProcessInitializeOnLoadAttributes (49ms)
			ProcessInitializeOnLoadMethodAttributes (58ms)
[CoreBusinessMetrics] Unexpected thread when updating session info.
========================================================================
Worker process is ready to serve import requests
Import Worker Mode flag is 0x00
Begin MonoManager ReloadAssembly
[Licensing::Module] Licensing is not yet initialized.
[Licensing::Client] Handshaking with LicensingClient:
  Version:                 1.18.1+9fbee8e
  Session Id:              92ceb6c9d4e84d28b53a8b0b651b5754
  Correlation Id:          821901944f221ab8903d1b393a6877d5
  External correlation Id: 5080448700739317661
  Machine Id:              wg0uxPLJqvl7Iscfg77r3nB7RiI=
[Licensing::Module] Successfully connected to LicensingClient on channel: "LicenseClient-bvs.medya-konak-6000.4.0" (connect: 0.00s, validation: 0.00s, handshake: 0.57s)
[Licensing::IpcConnector] Successfully connected to: "LicenseClient-bvs.medya-konak-6000.4.0-notifications" at "2026-03-20T09:18:23.872723Z"
[Licensing::Module] Licensing Background thread has ended after 1.14s
[Licensing::Module] Licensing is initialized (took 0.32s).
[Licensing::Client] Successfully resolved entitlement details
[Licensing::Module] License group:
  Id: 18968403362795-UnityPersXXXX
  Product: Unity Personal
  Type: Assigned
  Expiration: Unlimited
Assembly Assembly-CSharp-Editor-firstpass.dll at Library/ScriptAssemblies/Assembly-CSharp-Editor-firstpass.dll not valid. Loading of assembly skipped.
Assembly Assembly-CSharp-firstpass.dll at Library/ScriptAssemblies/Assembly-CSharp-firstpass.dll not valid. Loading of assembly skipped.
Assembly Unity.2D.Sprite.Package.EditorTests.dll at Library/ScriptAssemblies/Unity.2D.Sprite.Package.EditorTests.dll not valid. Loading of assembly skipped.
Assembly Unity.TextMeshPro.Editor.Tests.dll at Library/ScriptAssemblies/Unity.TextMeshPro.Editor.Tests.dll not valid. Loading of assembly skipped.
Assembly Unity.TextMeshPro.Tests.dll at Library/ScriptAssemblies/Unity.TextMeshPro.Tests.dll not valid. Loading of assembly skipped.
Assembly UnityEditor.UI.Common.Tests.dll at Library/ScriptAssemblies/UnityEditor.UI.Common.Tests.dll not valid. Loading of assembly skipped.
Assembly UnityEditor.UI.EditorTests.dll at Library/ScriptAssemblies/UnityEditor.UI.EditorTests.dll not valid. Loading of assembly skipped.
Assembly UnityEngine.UI.Tests.dll at Library/ScriptAssemblies/UnityEngine.UI.Tests.dll not valid. Loading of assembly skipped.
Native extension for OSXStandalone target not found
Native extension for WebGL target not found
[Package Manager] Failed to launch server process. Reason: Unity was launched with the -noUpm command-line argument
[Package Manager] Unable to send message (not connected to server process).
[Package Manager] Cannot connect to Unity Package Manager local server
ScheduleIndexationOnStartup MainProcess:False IndexOnStartup:True
Mono: successfully reloaded assembly
- Finished resetting the current domain, in  0.160 seconds
Domain Reload Profiling: 600ms
	BeginReloadAssembly (383ms)
		CreateAndSetChildDomain (11ms)
	RebuildCommonClasses (19ms)
	RebuildNativeTypeToScriptingClass (7ms)
	initialDomainReloadingComplete (14ms)
	LoadAllAssembliesAndSetupDomain (16ms)
		LoadAssemblies (31ms)
		AnalyzeDomain (10ms)
			TypeCache.Refresh (7ms)
				TypeCache.ScanAssembly (4ms)
	FinalizeReload (161ms)
		SetupLoadedEditorAssemblies (0ms)
			BeforeProcessingInitializeOnLoad (46ms)
			ProcessInitializeOnLoadAttributes (39ms)
			ProcessInitializeOnLoadMethodAttributes (19ms)
Launching external process: /Applications/Unity/Hub/Editor/6000.4.0f1/Unity.app/Contents/Helpers/UnityShaderCompiler
Launched and connected shader compiler UnityShaderCompiler after 0.02 seconds
Unloading 0 Unused Serialized files (Serialized files now loaded: 0)
Unloading 421 unused Assets / (44.0 KB). Loaded Objects now: 1021.
Memory consumption went from 68.5 MB to 68.4 MB.
Total: 2.794334 ms (FindLiveObjects: 0.035834 ms CreateObjectMapping: 0.010917 ms MarkObjects: 2.662458 ms  DeleteObjects: 0.084709 ms)

========================================================================
Received Import Request.
  Time since last request: 101701.225168 seconds.
  path: Assets/Scripts/PlayerShip.cs
  importAddress: Guid(e991db3f9b66a46f0b468c82937a277b) Importer(2089858483,b0f066a214c2f5e87bad3c948f4d605d)
Start importing Assets/Scripts/PlayerShip.cs using Guid(e991db3f9b66a46f0b468c82937a277b) Importer(2089858483,b0f066a214c2f5e87bad3c948f4d605d) (ScriptedImporter) -> (Import Result ID: '4e74b1dbd54e441fbea5fd9611887c38') in 0.0344445 seconds [static and dynamic dependencies]. Details - ImportResultOutputID=59c015bd9616ae25da7b7cd4a7a81250 DependenciesID=635e5e1a90b4e9fb26315a4f33409dff StaticDependenciesID=a3acec7de5065451a60215b309f270c2 
Number of updated asset objects reloaded before import = 0Number of asset objects unloaded after import = 0

========================================================================
Received Import Request.
  Time since last request: 0.000027 seconds.
  path: Assets/Scripts/StarBackground.cs
  importAddress: Guid(c236bc1348c484ac3aa99959c90eaa2f) Importer(2089858483,b0f066a214c2f5e87bad3c948f4d605d)
Start importing Assets/Scripts/StarBackground.cs using Guid(c236bc1348c484ac3aa99959c90eaa2f) Importer(2089858483,b0f066a214c2f5e87bad3c948f4d605d) (ScriptedImporter) -> (Import Result ID: 'fae2adacdffcca79e5a960e01e8e193c') in 0.000981208 seconds [static and dynamic dependencies]. Details - ImportResultOutputID=efcf9e3cc86ccdb7bed5bda9e1238fb4 DependenciesID=b592f405995c5e314b9b70c75972ef1b StaticDependenciesID=b64d127f8eb0a3953db6ee22021e4850 
Number of updated asset objects reloaded before import = 0Number of asset objects unloaded after import = 0

========================================================================
Received Import Request.
  Time since last request: 0.000043 seconds.
  path: Assets/Scripts/EnemySpawner.cs
  importAddress: Guid(614634ade4e4e412a955284ee9847173) Importer(2089858483,b0f066a214c2f5e87bad3c948f4d605d)
Start importing Assets/Scripts/EnemySpawner.cs using Guid(614634ade4e4e412a955284ee9847173) Importer(2089858483,b0f066a214c2f5e87bad3c948f4d605d) (ScriptedImporter) -> (Import Result ID: '4fe727aa25b2bd9e7565bd57406a316a') in 0.000752625 seconds [static and dynamic dependencies]. Details - ImportResultOutputID=9fb590cdadc9001da5355dd522a1760b DependenciesID=8cd4512d54fa1b53db8b263c76bb9aea StaticDependenciesID=fd1b94c2822a4e4c90db81f86ee77712 
Number of updated asset objects reloaded before import = 0Number of asset objects unloaded after import = 0

========================================================================
Received Import Request.
  Time since last request: 0.000081 seconds.
  path: Assets/Prefabs/EnemyBullet.prefab
  importAddress: Guid(17554803bb1b444d99b2ed47f4e4c20b) Importer(2089858483,b0f066a214c2f5e87bad3c948f4d605d)
Start importing Assets/Prefabs/EnemyBullet.prefab using Guid(17554803bb1b444d99b2ed47f4e4c20b) Importer(2089858483,b0f066a214c2f5e87bad3c948f4d605d) (ScriptedImporter) -> (Import Result ID: '40c5536e242b377bb511dee036e60bc3') in 0.022284708 seconds [static and dynamic dependencies]. Details - ImportResultOutputID=dd683b30befd0b5e54e1661a78ab4fce DependenciesID=ccea2598db54d307f701acad4967e44b StaticDependenciesID=4fe901c788f44c0e5eae4d25c1cb031d 
Number of updated asset objects reloaded before import = 0Number of asset objects unloaded after import = 8

========================================================================
Received Import Request.
  Time since last request: 0.000026 seconds.
  path: Assets/Editor/SpaceShooterSetup.cs
  importAddress: Guid(40da0a90804d2429c8c1a262dc3f7e94) Importer(2089858483,b0f066a214c2f5e87bad3c948f4d605d)
Start importing Assets/Editor/SpaceShooterSetup.cs using Guid(40da0a90804d2429c8c1a262dc3f7e94) Importer(2089858483,b0f066a214c2f5e87bad3c948f4d605d) (ScriptedImporter) -> (Import Result ID: '338a7b4557ccf8764765db70c88c4796') in 0.000824125 seconds [static and dynamic dependencies]. Details - ImportResultOutputID=1b2fd79a00d6b6a0c04ed4a73f0a3ec0 DependenciesID=9e293cc9fc2546b243febb9ced46568a StaticDependenciesID=a9f6024f0c2949fdf6762f78105f906a 
Number of updated asset objects reloaded before import = 0Number of asset objects unloaded after import = 0

